# JRE version: OpenJDK Runtime Environment (23.0.1+11) (build 23.0.1+11-39)
# Java VM: OpenJDK 64-Bit Server VM (23.0.1+11-39, mixed mode, sharing, tiered, compressed oops, compressed class ptrs, g1 gc, bsd-aarch64)
Heap:
 garbage-first heap   total reserved 2097152K, committed 318464K, used 200235K [0x0000000780000000, 0x0000000800000000)
  region size 1024K, 166 young (169984K), 1 survivors (1024K)
 Metaspace       used 18504K, committed 18944K, reserved 1114112K
  class space    used 2153K, committed 2368K, reserved 1048576K
GC Heap History (20 events):
Event: 3495.347 GC heap before
{Heap before GC invocations=1559 (full 0):
 garbage-first heap   total reserved 2097152K, committed 318464K, used 220740K [0x0000000780000000, 0x0000000800000000)
  region size 1024K, 186 young (190464K), 1 survivors (1024K)
 Metaspace       used 18504K, committed 18944K, reserved 1114112K
  class space    used 2153K, committed 2368K, reserved 1048576K
}
Event: 3495.351 GC heap after
{Heap after GC invocations=1560 (full 0):
 garbage-first heap   total reserved 2097152K, committed 318464K, used 31302K [0x0000000780000000, 0x0000000800000000)
  region size 1024K, 1 young (1024K), 1 survivors (1024K)
 Metaspace       used 18504K, committed 18944K, reserved 1114112K
  class space    used 2153K, committed 2368K, reserved 1048576K
}
Event: 3499.254 GC heap before
{Heap before GC invocations=1560 (full 0):
 garbage-first heap   total reserved 2097152K, committed 318464K, used 220742K [0x0000000780000000, 0x0000000800000000)
  region size 1024K, 186 young (190464K), 1 survivors (1024K)
 Metaspace       used 18504K, committed 18944K, reserved 1114112K
  class space    used 2153K, committed 2368K, reserved 1048576K
}
Event: 3499.265 GC heap after
{Heap after GC invocations=1561 (full 0):
 garbage-first heap   total reserved 2097152K, committed 318464K, used 31313K [0x0000000780000000, 0x0000000800000000)
  region size 1024K, 1 young (1024K), 1 survivors (1024K)
 Metaspace       used 18504K, committed 18944K, reserved 1114112K
  class space    used 2153K, committed 2368K, reserved 1048576K
}
Event: 3503.450 GC heap before
{Heap before GC invocations=1561 (full 0):
 garbage-first heap   total reserved 2097152K, committed 318464K, used 220753K [0x0000000780000000, 0x0000000800000000)
  region size 1024K, 186 young (190464K), 1 survivors (1024K)
 Metaspace       used 18504K, committed 18944K, reserved 1114112K
  class space    used 2153K, committed 2368K, reserved 1048576K
}
Event: 3503.460 GC heap after
{Heap after GC invocations=1562 (full 0):
 garbage-first heap   total reserved 2097152K, committed 318464K, used 31327K [0x0000000780000000, 0x0000000800000000)
  region size 1024K, 1 young (1024K), 1 survivors (1024K)
 Metaspace       used 18504K, committed 18944K, reserved 1114112K
  class space    used 2153K, committed 2368K, reserved 1048576K
}
Event: 3507.179 GC heap before
{Heap before GC invocations=1562 (full 0):
 garbage-first heap   total reserved 2097152K, committed 318464K, used 220767K [0x0000000780000000, 0x0000000800000000)
  region size 1024K, 186 young (190464K), 1 survivors (1024K)
 Metaspace       used 18504K, committed 18944K, reserved 1114112K
  class space    used 2153K, committed 2368K, reserved 1048576K
}
Event: 3507.188 GC heap after
{Heap after GC invocations=1563 (full 0):
 garbage-first heap   total reserved 2097152K, committed 318464K, used 31233K [0x0000000780000000, 0x0000000800000000)
  region size 1024K, 1 young (1024K), 1 survivors (1024K)
 Metaspace       used 18504K, committed 18944K, reserved 1114112K
  class space    used 2153K, committed 2368K, reserved 1048576K
}
Event: 3511.042 GC heap before
{Heap before GC invocations=1563 (full 0):
 garbage-first heap   total reserved 2097152K, committed 318464K, used 220673K [0x0000000780000000, 0x0000000800000000)
  region size 1024K, 186 young (190464K), 1 survivors (1024K)
 Metaspace       used 18504K, committed 18944K, reserved 1114112K
  class space    used 2153K, committed 2368K, reserved 1048576K
}
Event: 3511.048 GC heap after
{Heap after GC invocations=1564 (full 0):
 garbage-first heap   total reserved 2097152K, committed 318464K, used 31292K [0x0000000780000000, 0x0000000800000000)
  region size 1024K, 1 young (1024K), 1 survivors (1024K)
 Metaspace       used 18504K, committed 18944K, reserved 1114112K
  class space    used 2153K, committed 2368K, reserved 1048576K
}
Event: 3514.818 GC heap before
{Heap before GC invocations=1564 (full 0):
 garbage-first heap   total reserved 2097152K, committed 318464K, used 220732K [0x0000000780000000, 0x0000000800000000)
  region size 1024K, 186 young (190464K), 1 survivors (1024K)
 Metaspace       used 18504K, committed 18944K, reserved 1114112K
  class space    used 2153K, committed 2368K, reserved 1048576K
}
Event: 3514.819 GC heap after
{Heap after GC invocations=1565 (full 0):
 garbage-first heap   total reserved 2097152K, committed 318464K, used 31257K [0x0000000780000000, 0x0000000800000000)
  region size 1024K, 1 young (1024K), 1 survivors (1024K)
 Metaspace       used 18504K, committed 18944K, reserved 1114112K
  class space    used 2153K, committed 2368K, reserved 1048576K
}
Event: 3522.174 GC heap before
{Heap before GC invocations=1565 (full 0):
 garbage-first heap   total reserved 2097152K, committed 318464K, used 220697K [0x0000000780000000, 0x0000000800000000)
  region size 1024K, 186 young (190464K), 1 survivors (1024K)
 Metaspace       used 18504K, committed 18944K, reserved 1114112K
  class space    used 2153K, committed 2368K, reserved 1048576K
}
Event: 3522.326 GC heap after
{Heap after GC invocations=1566 (full 0):
 garbage-first heap   total reserved 2097152K, committed 318464K, used 31283K [0x0000000780000000, 0x0000000800000000)
  region size 1024K, 1 young (1024K), 1 survivors (1024K)
 Metaspace       used 18504K, committed 18944K, reserved 1114112K
  class space    used 2153K, committed 2368K, reserved 1048576K
}
Event: 3528.109 GC heap before
{Heap before GC invocations=1566 (full 0):
 garbage-first heap   total reserved 2097152K, committed 318464K, used 220723K [0x0000000780000000, 0x0000000800000000)
  region size 1024K, 186 young (190464K), 1 survivors (1024K)
 Metaspace       used 18504K, committed 18944K, reserved 1114112K
  class space    used 2153K, committed 2368K, reserved 1048576K
}
Event: 3528.118 GC heap after
{Heap after GC invocations=1567 (full 0):
 garbage-first heap   total reserved 2097152K, committed 318464K, used 31330K [0x0000000780000000, 0x0000000800000000)
  region size 1024K, 1 young (1024K), 1 survivors (1024K)
 Metaspace       used 18504K, committed 18944K, reserved 1114112K
  class space    used 2153K, committed 2368K, reserved 1048576K
}
Event: 3531.665 GC heap before
{Heap before GC invocations=1567 (full 0):
 garbage-first heap   total reserved 2097152K, committed 318464K, used 220770K [0x0000000780000000, 0x0000000800000000)
  region size 1024K, 186 young (190464K), 1 survivors (1024K)
 Metaspace       used 18504K, committed 18944K, reserved 1114112K
  class space    used 2153K, committed 2368K, reserved 1048576K
}
Event: 3531.668 GC heap after
{Heap after GC invocations=1568 (full 0):
 garbage-first heap   total reserved 2097152K, committed 318464K, used 31292K [0x0000000780000000, 0x0000000800000000)
  region size 1024K, 1 young (1024K), 1 survivors (1024K)
 Metaspace       used 18504K, committed 18944K, reserved 1114112K
  class space    used 2153K, committed 2368K, reserved 1048576K
}
Event: 3535.178 GC heap before
{Heap before GC invocations=1568 (full 0):
 garbage-first heap   total reserved 2097152K, committed 318464K, used 220732K [0x0000000780000000, 0x0000000800000000)
  region size 1024K, 186 young (190464K), 1 survivors (1024K)
 Metaspace       used 18504K, committed 18944K, reserved 1114112K
  class space    used 2153K, committed 2368K, reserved 1048576K
}
Event: 3535.181 GC heap after
{Heap after GC invocations=1569 (full 0):
 garbage-first heap   total reserved 2097152K, committed 318464K, used 31275K [0x0000000780000000, 0x0000000800000000)
  region size 1024K, 1 young (1024K), 1 survivors (1024K)
 Metaspace       used 18504K, committed 18944K, reserved 1114112K
  class space    used 2153K, committed 2368K, reserved 1048576K
}

