# JRE version: OpenJDK Runtime Environment (23.0.1+11) (build 23.0.1+11-39)
# Java VM: OpenJDK 64-Bit Server VM (23.0.1+11-39, mixed mode, sharing, tiered, compressed oops, compressed class ptrs, g1 gc, bsd-aarch64)
Heap:
 garbage-first heap   total reserved 2097152K, committed 259072K, used 58115K [0x0000000780000000, 0x0000000800000000)
  region size 1024K, 41 young (41984K), 1 survivors (1024K)
 Metaspace       used 10869K, committed 11200K, reserved 1114112K
  class space    used 1247K, committed 1408K, reserved 1048576K
GC Heap History (20 events):
Event: 950.302 GC heap before
{Heap before GC invocations=422 (full 0):
 garbage-first heap   total reserved 2097152K, committed 259072K, used 122129K [0x0000000780000000, 0x0000000800000000)
  region size 1024K, 103 young (105472K), 1 survivors (1024K)
 Metaspace       used 10869K, committed 11200K, reserved 1114112K
  class space    used 1247K, committed 1408K, reserved 1048576K
}
Event: 950.311 GC heap after
{Heap after GC invocations=423 (full 0):
 garbage-first heap   total reserved 2097152K, committed 259072K, used 17624K [0x0000000780000000, 0x0000000800000000)
  region size 1024K, 1 young (1024K), 1 survivors (1024K)
 Metaspace       used 10869K, committed 11200K, reserved 1114112K
  class space    used 1247K, committed 1408K, reserved 1048576K
}
Event: 952.705 GC heap before
{Heap before GC invocations=423 (full 0):
 garbage-first heap   total reserved 2097152K, committed 259072K, used 126168K [0x0000000780000000, 0x0000000800000000)
  region size 1024K, 107 young (109568K), 1 survivors (1024K)
 Metaspace       used 10869K, committed 11200K, reserved 1114112K
  class space    used 1247K, committed 1408K, reserved 1048576K
}
Event: 952.713 GC heap after
{Heap after GC invocations=424 (full 0):
 garbage-first heap   total reserved 2097152K, committed 259072K, used 17691K [0x0000000780000000, 0x0000000800000000)
  region size 1024K, 1 young (1024K), 1 survivors (1024K)
 Metaspace       used 10869K, committed 11200K, reserved 1114112K
  class space    used 1247K, committed 1408K, reserved 1048576K
}
Event: 955.082 GC heap before
{Heap before GC invocations=424 (full 0):
 garbage-first heap   total reserved 2097152K, committed 259072K, used 126235K [0x0000000780000000, 0x0000000800000000)
  region size 1024K, 107 young (109568K), 1 survivors (1024K)
 Metaspace       used 10869K, committed 11200K, reserved 1114112K
  class space    used 1247K, committed 1408K, reserved 1048576K
}
Event: 955.083 GC heap after
{Heap after GC invocations=425 (full 0):
 garbage-first heap   total reserved 2097152K, committed 259072K, used 17833K [0x0000000780000000, 0x0000000800000000)
  region size 1024K, 1 young (1024K), 1 survivors (1024K)
 Metaspace       used 10869K, committed 11200K, reserved 1114112K
  class space    used 1247K, committed 1408K, reserved 1048576K
}
Event: 957.682 GC heap before
{Heap before GC invocations=425 (full 0):
 garbage-first heap   total reserved 2097152K, committed 259072K, used 132521K [0x0000000780000000, 0x0000000800000000)
  region size 1024K, 113 young (115712K), 1 survivors (1024K)
 Metaspace       used 10869K, committed 11200K, reserved 1114112K
  class space    used 1247K, committed 1408K, reserved 1048576K
}
Event: 957.690 GC heap after
{Heap after GC invocations=426 (full 0):
 garbage-first heap   total reserved 2097152K, committed 259072K, used 17874K [0x0000000780000000, 0x0000000800000000)
  region size 1024K, 1 young (1024K), 1 survivors (1024K)
 Metaspace       used 10869K, committed 11200K, reserved 1114112K
  class space    used 1247K, committed 1408K, reserved 1048576K
}
Event: 959.989 GC heap before
{Heap before GC invocations=426 (full 0):
 garbage-first heap   total reserved 2097152K, committed 259072K, used 132562K [0x0000000780000000, 0x0000000800000000)
  region size 1024K, 113 young (115712K), 1 survivors (1024K)
 Metaspace       used 10869K, committed 11200K, reserved 1114112K
  class space    used 1247K, committed 1408K, reserved 1048576K
}
Event: 959.990 GC heap after
{Heap after GC invocations=427 (full 0):
 garbage-first heap   total reserved 2097152K, committed 259072K, used 17794K [0x0000000780000000, 0x0000000800000000)
  region size 1024K, 1 young (1024K), 1 survivors (1024K)
 Metaspace       used 10869K, committed 11200K, reserved 1114112K
  class space    used 1247K, committed 1408K, reserved 1048576K
}
Event: 962.483 GC heap before
{Heap before GC invocations=427 (full 0):
 garbage-first heap   total reserved 2097152K, committed 259072K, used 142722K [0x0000000780000000, 0x0000000800000000)
  region size 1024K, 123 young (125952K), 1 survivors (1024K)
 Metaspace       used 10869K, committed 11200K, reserved 1114112K
  class space    used 1247K, committed 1408K, reserved 1048576K
}
Event: 962.486 GC heap after
{Heap after GC invocations=428 (full 0):
 garbage-first heap   total reserved 2097152K, committed 259072K, used 17921K [0x0000000780000000, 0x0000000800000000)
  region size 1024K, 1 young (1024K), 1 survivors (1024K)
 Metaspace       used 10869K, committed 11200K, reserved 1114112K
  class space    used 1247K, committed 1408K, reserved 1048576K
}
Event: 966.009 GC heap before
{Heap before GC invocations=428 (full 0):
 garbage-first heap   total reserved 2097152K, committed 259072K, used 142849K [0x0000000780000000, 0x0000000800000000)
  region size 1024K, 123 young (125952K), 1 survivors (1024K)
 Metaspace       used 10869K, committed 11200K, reserved 1114112K
  class space    used 1247K, committed 1408K, reserved 1048576K
}
Event: 966.011 GC heap after
{Heap after GC invocations=429 (full 0):
 garbage-first heap   total reserved 2097152K, committed 259072K, used 17867K [0x0000000780000000, 0x0000000800000000)
  region size 1024K, 1 young (1024K), 1 survivors (1024K)
 Metaspace       used 10869K, committed 11200K, reserved 1114112K
  class space    used 1247K, committed 1408K, reserved 1048576K
}
Event: 968.883 GC heap before
{Heap before GC invocations=429 (full 0):
 garbage-first heap   total reserved 2097152K, committed 259072K, used 158155K [0x0000000780000000, 0x0000000800000000)
  region size 1024K, 138 young (141312K), 1 survivors (1024K)
 Metaspace       used 10869K, committed 11200K, reserved 1114112K
  class space    used 1247K, committed 1408K, reserved 1048576K
}
Event: 968.885 GC heap after
{Heap after GC invocations=430 (full 0):
 garbage-first heap   total reserved 2097152K, committed 259072K, used 17922K [0x0000000780000000, 0x0000000800000000)
  region size 1024K, 1 young (1024K), 1 survivors (1024K)
 Metaspace       used 10869K, committed 11200K, reserved 1114112K
  class space    used 1247K, committed 1408K, reserved 1048576K
}
Event: 971.755 GC heap before
{Heap before GC invocations=430 (full 0):
 garbage-first heap   total reserved 2097152K, committed 259072K, used 158210K [0x0000000780000000, 0x0000000800000000)
  region size 1024K, 138 young (141312K), 1 survivors (1024K)
 Metaspace       used 10869K, committed 11200K, reserved 1114112K
  class space    used 1247K, committed 1408K, reserved 1048576K
}
Event: 971.761 GC heap after
{Heap after GC invocations=431 (full 0):
 garbage-first heap   total reserved 2097152K, committed 259072K, used 17900K [0x0000000780000000, 0x0000000800000000)
  region size 1024K, 1 young (1024K), 1 survivors (1024K)
 Metaspace       used 10869K, committed 11200K, reserved 1114112K
  class space    used 1247K, committed 1408K, reserved 1048576K
}
Event: 974.932 GC heap before
{Heap before GC invocations=431 (full 0):
 garbage-first heap   total reserved 2097152K, committed 259072K, used 171500K [0x0000000780000000, 0x0000000800000000)
  region size 1024K, 151 young (154624K), 1 survivors (1024K)
 Metaspace       used 10869K, committed 11200K, reserved 1114112K
  class space    used 1247K, committed 1408K, reserved 1048576K
}
Event: 974.938 GC heap after
{Heap after GC invocations=432 (full 0):
 garbage-first heap   total reserved 2097152K, committed 259072K, used 17921K [0x0000000780000000, 0x0000000800000000)
  region size 1024K, 1 young (1024K), 1 survivors (1024K)
 Metaspace       used 10869K, committed 11200K, reserved 1114112K
  class space    used 1247K, committed 1408K, reserved 1048576K
}

