# JRE version: OpenJDK Runtime Environment (23.0.1+11) (build 23.0.1+11-39)
# Java VM: OpenJDK 64-Bit Server VM (23.0.1+11-39, mixed mode, sharing, tiered, compressed oops, compressed class ptrs, g1 gc, bsd-aarch64)
Heap:
 garbage-first heap   total reserved 2097152K, committed 133120K, used 67970K [0x0000000780000000, 0x0000000800000000)
  region size 1024K, 36 young (36864K), 1 survivors (1024K)
 Metaspace       used 18610K, committed 19072K, reserved 1114112K
  class space    used 2158K, committed 2368K, reserved 1048576K
GC Heap History (20 events):
Event: 3159.068 GC heap before
{Heap before GC invocations=1817 (full 0):
 garbage-first heap   total reserved 2097152K, committed 133120K, used 109293K [0x0000000780000000, 0x0000000800000000)
  region size 1024K, 76 young (77824K), 1 survivors (1024K)
 Metaspace       used 18610K, committed 19072K, reserved 1114112K
  class space    used 2158K, committed 2368K, reserved 1048576K
}
Event: 3159.068 GC heap after
{Heap after GC invocations=1818 (full 0):
 garbage-first heap   total reserved 2097152K, committed 133120K, used 32471K [0x0000000780000000, 0x0000000800000000)
  region size 1024K, 1 young (1024K), 1 survivors (1024K)
 Metaspace       used 18610K, committed 19072K, reserved 1114112K
  class space    used 2158K, committed 2368K, reserved 1048576K
}
Event: 3160.622 GC heap before
{Heap before GC invocations=1818 (full 0):
 garbage-first heap   total reserved 2097152K, committed 133120K, used 109271K [0x0000000780000000, 0x0000000800000000)
  region size 1024K, 76 young (77824K), 1 survivors (1024K)
 Metaspace       used 18610K, committed 19072K, reserved 1114112K
  class space    used 2158K, committed 2368K, reserved 1048576K
}
Event: 3160.623 GC heap after
{Heap after GC invocations=1819 (full 0):
 garbage-first heap   total reserved 2097152K, committed 133120K, used 32424K [0x0000000780000000, 0x0000000800000000)
  region size 1024K, 1 young (1024K), 1 survivors (1024K)
 Metaspace       used 18610K, committed 19072K, reserved 1114112K
  class space    used 2158K, committed 2368K, reserved 1048576K
}
Event: 3162.126 GC heap before
{Heap before GC invocations=1819 (full 0):
 garbage-first heap   total reserved 2097152K, committed 133120K, used 109224K [0x0000000780000000, 0x0000000800000000)
  region size 1024K, 76 young (77824K), 1 survivors (1024K)
 Metaspace       used 18610K, committed 19072K, reserved 1114112K
  class space    used 2158K, committed 2368K, reserved 1048576K
}
Event: 3162.127 GC heap after
{Heap after GC invocations=1820 (full 0):
 garbage-first heap   total reserved 2097152K, committed 133120K, used 32429K [0x0000000780000000, 0x0000000800000000)
  region size 1024K, 1 young (1024K), 1 survivors (1024K)
 Metaspace       used 18610K, committed 19072K, reserved 1114112K
  class space    used 2158K, committed 2368K, reserved 1048576K
}
Event: 3163.651 GC heap before
{Heap before GC invocations=1820 (full 0):
 garbage-first heap   total reserved 2097152K, committed 133120K, used 109229K [0x0000000780000000, 0x0000000800000000)
  region size 1024K, 76 young (77824K), 1 survivors (1024K)
 Metaspace       used 18610K, committed 19072K, reserved 1114112K
  class space    used 2158K, committed 2368K, reserved 1048576K
}
Event: 3163.652 GC heap after
{Heap after GC invocations=1821 (full 0):
 garbage-first heap   total reserved 2097152K, committed 133120K, used 32451K [0x0000000780000000, 0x0000000800000000)
  region size 1024K, 1 young (1024K), 1 survivors (1024K)
 Metaspace       used 18610K, committed 19072K, reserved 1114112K
  class space    used 2158K, committed 2368K, reserved 1048576K
}
Event: 3165.163 GC heap before
{Heap before GC invocations=1821 (full 0):
 garbage-first heap   total reserved 2097152K, committed 133120K, used 109251K [0x0000000780000000, 0x0000000800000000)
  region size 1024K, 76 young (77824K), 1 survivors (1024K)
 Metaspace       used 18610K, committed 19072K, reserved 1114112K
  class space    used 2158K, committed 2368K, reserved 1048576K
}
Event: 3165.164 GC heap after
{Heap after GC invocations=1822 (full 0):
 garbage-first heap   total reserved 2097152K, committed 133120K, used 32473K [0x0000000780000000, 0x0000000800000000)
  region size 1024K, 1 young (1024K), 1 survivors (1024K)
 Metaspace       used 18610K, committed 19072K, reserved 1114112K
  class space    used 2158K, committed 2368K, reserved 1048576K
}
Event: 3166.804 GC heap before
{Heap before GC invocations=1822 (full 0):
 garbage-first heap   total reserved 2097152K, committed 133120K, used 109273K [0x0000000780000000, 0x0000000800000000)
  region size 1024K, 76 young (77824K), 1 survivors (1024K)
 Metaspace       used 18610K, committed 19072K, reserved 1114112K
  class space    used 2158K, committed 2368K, reserved 1048576K
}
Event: 3166.805 GC heap after
{Heap after GC invocations=1823 (full 0):
 garbage-first heap   total reserved 2097152K, committed 133120K, used 32454K [0x0000000780000000, 0x0000000800000000)
  region size 1024K, 1 young (1024K), 1 survivors (1024K)
 Metaspace       used 18610K, committed 19072K, reserved 1114112K
  class space    used 2158K, committed 2368K, reserved 1048576K
}
Event: 3168.746 GC heap before
{Heap before GC invocations=1823 (full 0):
 garbage-first heap   total reserved 2097152K, committed 133120K, used 109254K [0x0000000780000000, 0x0000000800000000)
  region size 1024K, 76 young (77824K), 1 survivors (1024K)
 Metaspace       used 18610K, committed 19072K, reserved 1114112K
  class space    used 2158K, committed 2368K, reserved 1048576K
}
Event: 3168.747 GC heap after
{Heap after GC invocations=1824 (full 0):
 garbage-first heap   total reserved 2097152K, committed 133120K, used 32436K [0x0000000780000000, 0x0000000800000000)
  region size 1024K, 1 young (1024K), 1 survivors (1024K)
 Metaspace       used 18610K, committed 19072K, reserved 1114112K
  class space    used 2158K, committed 2368K, reserved 1048576K
}
Event: 3170.254 GC heap before
{Heap before GC invocations=1824 (full 0):
 garbage-first heap   total reserved 2097152K, committed 133120K, used 109236K [0x0000000780000000, 0x0000000800000000)
  region size 1024K, 76 young (77824K), 1 survivors (1024K)
 Metaspace       used 18610K, committed 19072K, reserved 1114112K
  class space    used 2158K, committed 2368K, reserved 1048576K
}
Event: 3170.254 GC heap after
{Heap after GC invocations=1825 (full 0):
 garbage-first heap   total reserved 2097152K, committed 133120K, used 32428K [0x0000000780000000, 0x0000000800000000)
  region size 1024K, 1 young (1024K), 1 survivors (1024K)
 Metaspace       used 18610K, committed 19072K, reserved 1114112K
  class space    used 2158K, committed 2368K, reserved 1048576K
}
Event: 3171.754 GC heap before
{Heap before GC invocations=1825 (full 0):
 garbage-first heap   total reserved 2097152K, committed 133120K, used 109228K [0x0000000780000000, 0x0000000800000000)
  region size 1024K, 76 young (77824K), 1 survivors (1024K)
 Metaspace       used 18610K, committed 19072K, reserved 1114112K
  class space    used 2158K, committed 2368K, reserved 1048576K
}
Event: 3171.754 GC heap after
{Heap after GC invocations=1826 (full 0):
 garbage-first heap   total reserved 2097152K, committed 133120K, used 32427K [0x0000000780000000, 0x0000000800000000)
  region size 1024K, 1 young (1024K), 1 survivors (1024K)
 Metaspace       used 18610K, committed 19072K, reserved 1114112K
  class space    used 2158K, committed 2368K, reserved 1048576K
}
Event: 3173.284 GC heap before
{Heap before GC invocations=1826 (full 0):
 garbage-first heap   total reserved 2097152K, committed 133120K, used 109227K [0x0000000780000000, 0x0000000800000000)
  region size 1024K, 76 young (77824K), 1 survivors (1024K)
 Metaspace       used 18610K, committed 19072K, reserved 1114112K
  class space    used 2158K, committed 2368K, reserved 1048576K
}
Event: 3173.285 GC heap after
{Heap after GC invocations=1827 (full 0):
 garbage-first heap   total reserved 2097152K, committed 133120K, used 32514K [0x0000000780000000, 0x0000000800000000)
  region size 1024K, 1 young (1024K), 1 survivors (1024K)
 Metaspace       used 18610K, committed 19072K, reserved 1114112K
  class space    used 2158K, committed 2368K, reserved 1048576K
}

