# JRE version: OpenJDK Runtime Environment (23.0.1+11) (build 23.0.1+11-39)
# Java VM: OpenJDK 64-Bit Server VM (23.0.1+11-39, mixed mode, sharing, tiered, compressed oops, compressed class ptrs, g1 gc, bsd-aarch64)
Heap:
 garbage-first heap   total reserved 2097152K, committed 133120K, used 23715K [0x0000000780000000, 0x0000000800000000)
  region size 1024K, 7 young (7168K), 1 survivors (1024K)
 Metaspace       used 11276K, committed 11520K, reserved 1114112K
  class space    used 1283K, committed 1408K, reserved 1048576K
GC Heap History (20 events):
Event: 699.194 GC heap before
{Heap before GC invocations=404 (full 0):
 garbage-first heap   total reserved 2097152K, committed 133120K, used 94398K [0x0000000780000000, 0x0000000800000000)
  region size 1024K, 76 young (77824K), 1 survivors (1024K)
 Metaspace       used 11276K, committed 11520K, reserved 1114112K
  class space    used 1283K, committed 1408K, reserved 1048576K
}
Event: 699.194 GC heap after
{Heap after GC invocations=405 (full 0):
 garbage-first heap   total reserved 2097152K, committed 133120K, used 17601K [0x0000000780000000, 0x0000000800000000)
  region size 1024K, 1 young (1024K), 1 survivors (1024K)
 Metaspace       used 11276K, committed 11520K, reserved 1114112K
  class space    used 1283K, committed 1408K, reserved 1048576K
}
Event: 700.879 GC heap before
{Heap before GC invocations=405 (full 0):
 garbage-first heap   total reserved 2097152K, committed 133120K, used 94401K [0x0000000780000000, 0x0000000800000000)
  region size 1024K, 76 young (77824K), 1 survivors (1024K)
 Metaspace       used 11276K, committed 11520K, reserved 1114112K
  class space    used 1283K, committed 1408K, reserved 1048576K
}
Event: 700.880 GC heap after
{Heap after GC invocations=406 (full 0):
 garbage-first heap   total reserved 2097152K, committed 133120K, used 17623K [0x0000000780000000, 0x0000000800000000)
  region size 1024K, 1 young (1024K), 1 survivors (1024K)
 Metaspace       used 11276K, committed 11520K, reserved 1114112K
  class space    used 1283K, committed 1408K, reserved 1048576K
}
Event: 702.503 GC heap before
{Heap before GC invocations=406 (full 0):
 garbage-first heap   total reserved 2097152K, committed 133120K, used 94423K [0x0000000780000000, 0x0000000800000000)
  region size 1024K, 76 young (77824K), 1 survivors (1024K)
 Metaspace       used 11276K, committed 11520K, reserved 1114112K
  class space    used 1283K, committed 1408K, reserved 1048576K
}
Event: 702.504 GC heap after
{Heap after GC invocations=407 (full 0):
 garbage-first heap   total reserved 2097152K, committed 133120K, used 17688K [0x0000000780000000, 0x0000000800000000)
  region size 1024K, 1 young (1024K), 1 survivors (1024K)
 Metaspace       used 11276K, committed 11520K, reserved 1114112K
  class space    used 1283K, committed 1408K, reserved 1048576K
}
Event: 704.135 GC heap before
{Heap before GC invocations=407 (full 0):
 garbage-first heap   total reserved 2097152K, committed 133120K, used 94488K [0x0000000780000000, 0x0000000800000000)
  region size 1024K, 76 young (77824K), 1 survivors (1024K)
 Metaspace       used 11276K, committed 11520K, reserved 1114112K
  class space    used 1283K, committed 1408K, reserved 1048576K
}
Event: 704.135 GC heap after
{Heap after GC invocations=408 (full 0):
 garbage-first heap   total reserved 2097152K, committed 133120K, used 17622K [0x0000000780000000, 0x0000000800000000)
  region size 1024K, 1 young (1024K), 1 survivors (1024K)
 Metaspace       used 11276K, committed 11520K, reserved 1114112K
  class space    used 1283K, committed 1408K, reserved 1048576K
}
Event: 705.738 GC heap before
{Heap before GC invocations=408 (full 0):
 garbage-first heap   total reserved 2097152K, committed 133120K, used 94422K [0x0000000780000000, 0x0000000800000000)
  region size 1024K, 76 young (77824K), 1 survivors (1024K)
 Metaspace       used 11276K, committed 11520K, reserved 1114112K
  class space    used 1283K, committed 1408K, reserved 1048576K
}
Event: 705.739 GC heap after
{Heap after GC invocations=409 (full 0):
 garbage-first heap   total reserved 2097152K, committed 133120K, used 17588K [0x0000000780000000, 0x0000000800000000)
  region size 1024K, 1 young (1024K), 1 survivors (1024K)
 Metaspace       used 11276K, committed 11520K, reserved 1114112K
  class space    used 1283K, committed 1408K, reserved 1048576K
}
Event: 707.334 GC heap before
{Heap before GC invocations=409 (full 0):
 garbage-first heap   total reserved 2097152K, committed 133120K, used 94388K [0x0000000780000000, 0x0000000800000000)
  region size 1024K, 76 young (77824K), 1 survivors (1024K)
 Metaspace       used 11276K, committed 11520K, reserved 1114112K
  class space    used 1283K, committed 1408K, reserved 1048576K
}
Event: 707.334 GC heap after
{Heap after GC invocations=410 (full 0):
 garbage-first heap   total reserved 2097152K, committed 133120K, used 17603K [0x0000000780000000, 0x0000000800000000)
  region size 1024K, 1 young (1024K), 1 survivors (1024K)
 Metaspace       used 11276K, committed 11520K, reserved 1114112K
  class space    used 1283K, committed 1408K, reserved 1048576K
}
Event: 708.949 GC heap before
{Heap before GC invocations=410 (full 0):
 garbage-first heap   total reserved 2097152K, committed 133120K, used 94403K [0x0000000780000000, 0x0000000800000000)
  region size 1024K, 76 young (77824K), 1 survivors (1024K)
 Metaspace       used 11276K, committed 11520K, reserved 1114112K
  class space    used 1283K, committed 1408K, reserved 1048576K
}
Event: 708.950 GC heap after
{Heap after GC invocations=411 (full 0):
 garbage-first heap   total reserved 2097152K, committed 133120K, used 17623K [0x0000000780000000, 0x0000000800000000)
  region size 1024K, 1 young (1024K), 1 survivors (1024K)
 Metaspace       used 11276K, committed 11520K, reserved 1114112K
  class space    used 1283K, committed 1408K, reserved 1048576K
}
Event: 710.560 GC heap before
{Heap before GC invocations=411 (full 0):
 garbage-first heap   total reserved 2097152K, committed 133120K, used 94423K [0x0000000780000000, 0x0000000800000000)
  region size 1024K, 76 young (77824K), 1 survivors (1024K)
 Metaspace       used 11276K, committed 11520K, reserved 1114112K
  class space    used 1283K, committed 1408K, reserved 1048576K
}
Event: 710.560 GC heap after
{Heap after GC invocations=412 (full 0):
 garbage-first heap   total reserved 2097152K, committed 133120K, used 17653K [0x0000000780000000, 0x0000000800000000)
  region size 1024K, 1 young (1024K), 1 survivors (1024K)
 Metaspace       used 11276K, committed 11520K, reserved 1114112K
  class space    used 1283K, committed 1408K, reserved 1048576K
}
Event: 712.174 GC heap before
{Heap before GC invocations=412 (full 0):
 garbage-first heap   total reserved 2097152K, committed 133120K, used 94453K [0x0000000780000000, 0x0000000800000000)
  region size 1024K, 76 young (77824K), 1 survivors (1024K)
 Metaspace       used 11276K, committed 11520K, reserved 1114112K
  class space    used 1283K, committed 1408K, reserved 1048576K
}
Event: 712.174 GC heap after
{Heap after GC invocations=413 (full 0):
 garbage-first heap   total reserved 2097152K, committed 133120K, used 17628K [0x0000000780000000, 0x0000000800000000)
  region size 1024K, 1 young (1024K), 1 survivors (1024K)
 Metaspace       used 11276K, committed 11520K, reserved 1114112K
  class space    used 1283K, committed 1408K, reserved 1048576K
}
Event: 713.793 GC heap before
{Heap before GC invocations=413 (full 0):
 garbage-first heap   total reserved 2097152K, committed 133120K, used 94428K [0x0000000780000000, 0x0000000800000000)
  region size 1024K, 76 young (77824K), 1 survivors (1024K)
 Metaspace       used 11276K, committed 11520K, reserved 1114112K
  class space    used 1283K, committed 1408K, reserved 1048576K
}
Event: 713.793 GC heap after
{Heap after GC invocations=414 (full 0):
 garbage-first heap   total reserved 2097152K, committed 133120K, used 17571K [0x0000000780000000, 0x0000000800000000)
  region size 1024K, 1 young (1024K), 1 survivors (1024K)
 Metaspace       used 11276K, committed 11520K, reserved 1114112K
  class space    used 1283K, committed 1408K, reserved 1048576K
}

